31/05/2011 00:05:43 (Std) 	+-+-+-+-+-+-+-+-+-+-+-+-+-+-+-+-+-+-+-+-+-+-+-+-+-+-+-+-+-+-+-+-+-+-+-+-+-+-+-+
31/05/2011 00:05:43 (Std) 	+                     Crazy Eddie's GUI System - Event log                    +
31/05/2011 00:05:43 (Std) 	+                          (http://www.cegui.org.uk/)                         +
31/05/2011 00:05:43 (Std) 	+-+-+-+-+-+-+-+-+-+-+-+-+-+-+-+-+-+-+-+-+-+-+-+-+-+-+-+-+-+-+-+-+-+-+-+-+-+-+-+

31/05/2011 00:05:43 (Std) 	CEGUI::Logger singleton created. (02A73200)
31/05/2011 00:05:43 (Std) 	
31/05/2011 00:05:43 (Std) 	********************************************************************************
31/05/2011 00:05:43 (Std) 	* Important:                                                                   *
31/05/2011 00:05:43 (Std) 	*     To get support at the CEGUI forums, you must post _at least_ the section *
31/05/2011 00:05:43 (Std) 	*     of this log file indicated below.  Failure to do this will result in no  *
31/05/2011 00:05:43 (Std) 	*     support being given; please do not waste our time.                       *
31/05/2011 00:05:43 (Std) 	********************************************************************************
31/05/2011 00:05:43 (Std) 	********************************************************************************
31/05/2011 00:05:43 (Std) 	* -------- START OF ESSENTIAL SECTION TO BE POSTED ON THE FORUM       -------- *
31/05/2011 00:05:43 (Std) 	********************************************************************************
31/05/2011 00:05:43 (Std) 	---- Version 0.7.5 (Build: Nov 19 2010 Debug Microsoft Windows MSVC++ 10.0 32 bit) ----
31/05/2011 00:05:43 (Std) 	---- Renderer module is: CEGUI::OgreRenderer - Official OGRE based 2nd generation renderer module. ----
31/05/2011 00:05:43 (Std) 	---- XML Parser module is: CEGUI::ExpatParser - Official expat based parser module for CEGUI ----
31/05/2011 00:05:43 (Std) 	---- Image Codec module is: OgreImageCodec - Integrated ImageCodec using the Ogre engine. ----
31/05/2011 00:05:43 (Std) 	---- Scripting module is: None ----
31/05/2011 00:05:43 (Std) 	********************************************************************************
31/05/2011 00:05:43 (Std) 	* -------- END OF ESSENTIAL SECTION TO BE POSTED ON THE FORUM         -------- *
31/05/2011 00:05:43 (Std) 	********************************************************************************
31/05/2011 00:05:43 (Std) 	
31/05/2011 00:05:43 (Std) 	---- Begining CEGUI System initialisation ----
31/05/2011 00:05:43 (Std) 	CEGUI::ImagesetManager singleton created (02A730E8)
31/05/2011 00:05:43 (Std) 	CEGUI::FontManager singleton created. (02A72378)
31/05/2011 00:05:43 (Std) 	CEGUI::WindowFactoryManager singleton created
31/05/2011 00:05:43 (Std) 	CEGUI::WindowManager singleton created (02A71138)
31/05/2011 00:05:43 (Std) 	CEGUI::SchemeManager singleton created. (02A64730)
31/05/2011 00:05:43 (Std) 	CEGUI::MouseCursor singleton created. (02A74ED0)
31/05/2011 00:05:43 (Std) 	CEGUI::GlobalEventSet singleton created. (02A75900)
31/05/2011 00:05:43 (Std) 	CEGUI::AnimationManager singleton created (02A75A90)
31/05/2011 00:05:43 (Std) 	CEGUI::WidgetLookManager singleton created. (02A76298)
31/05/2011 00:05:43 (Std) 	CEGUI::WindowRendererManager singleton created (02A763D0)
31/05/2011 00:05:43 (Std) 	CEGUI::RenderEffectManager singleton created (02A76910)
31/05/2011 00:05:43 (Std) 	Created WindowFactory for 'DefaultWindow' windows.
31/05/2011 00:05:43 (Std) 	WindowFactory for 'DefaultWindow' windows added. (02A77108)
31/05/2011 00:05:43 (Std) 	Created WindowFactory for 'DragContainer' windows.
31/05/2011 00:05:43 (Std) 	WindowFactory for 'DragContainer' windows added. (02A773B0)
31/05/2011 00:05:43 (Std) 	Created WindowFactory for 'ScrolledContainer' windows.
31/05/2011 00:05:43 (Std) 	WindowFactory for 'ScrolledContainer' windows added. (02A77740)
31/05/2011 00:05:43 (Std) 	Created WindowFactory for 'ClippedContainer' windows.
31/05/2011 00:05:43 (Std) 	WindowFactory for 'ClippedContainer' windows added. (02A77900)
31/05/2011 00:05:43 (Std) 	Created WindowFactory for 'CEGUI/Checkbox' windows.
31/05/2011 00:05:43 (Std) 	WindowFactory for 'CEGUI/Checkbox' windows added. (02A77B10)
31/05/2011 00:05:43 (Std) 	Created WindowFactory for 'CEGUI/PushButton' windows.
31/05/2011 00:05:43 (Std) 	WindowFactory for 'CEGUI/PushButton' windows added. (02A77CD0)
31/05/2011 00:05:43 (Std) 	Created WindowFactory for 'CEGUI/RadioButton' windows.
31/05/2011 00:05:43 (Std) 	WindowFactory for 'CEGUI/RadioButton' windows added. (02A77E90)
31/05/2011 00:05:43 (Std) 	Created WindowFactory for 'CEGUI/Combobox' windows.
31/05/2011 00:05:43 (Std) 	WindowFactory for 'CEGUI/Combobox' windows added. (02A780B0)
31/05/2011 00:05:43 (Std) 	Created WindowFactory for 'CEGUI/ComboDropList' windows.
31/05/2011 00:05:43 (Std) 	WindowFactory for 'CEGUI/ComboDropList' windows added. (02A78270)
31/05/2011 00:05:43 (Std) 	Created WindowFactory for 'CEGUI/Editbox' windows.
31/05/2011 00:05:43 (Std) 	WindowFactory for 'CEGUI/Editbox' windows added. (02A78430)
31/05/2011 00:05:43 (Std) 	Created WindowFactory for 'CEGUI/FrameWindow' windows.
31/05/2011 00:05:43 (Std) 	WindowFactory for 'CEGUI/FrameWindow' windows added. (02A785F0)
31/05/2011 00:05:43 (Std) 	Created WindowFactory for 'CEGUI/ItemEntry' windows.
31/05/2011 00:05:43 (Std) 	WindowFactory for 'CEGUI/ItemEntry' windows added. (02A787B0)
31/05/2011 00:05:43 (Std) 	Created WindowFactory for 'CEGUI/Listbox' windows.
31/05/2011 00:05:43 (Std) 	WindowFactory for 'CEGUI/Listbox' windows added. (02A78970)
31/05/2011 00:05:43 (Std) 	Created WindowFactory for 'CEGUI/ListHeader' windows.
31/05/2011 00:05:43 (Std) 	WindowFactory for 'CEGUI/ListHeader' windows added. (02A78B30)
31/05/2011 00:05:43 (Std) 	Created WindowFactory for 'CEGUI/ListHeaderSegment' windows.
31/05/2011 00:05:43 (Std) 	WindowFactory for 'CEGUI/ListHeaderSegment' windows added. (02A78C08)
31/05/2011 00:05:43 (Std) 	Created WindowFactory for 'CEGUI/Menubar' windows.
31/05/2011 00:05:43 (Std) 	WindowFactory for 'CEGUI/Menubar' windows added. (02A78DC8)
31/05/2011 00:05:43 (Std) 	Created WindowFactory for 'CEGUI/PopupMenu' windows.
31/05/2011 00:05:43 (Std) 	WindowFactory for 'CEGUI/PopupMenu' windows added. (02A78F88)
31/05/2011 00:05:43 (Std) 	Created WindowFactory for 'CEGUI/MenuItem' windows.
31/05/2011 00:05:43 (Std) 	WindowFactory for 'CEGUI/MenuItem' windows added. (02A86AD0)
31/05/2011 00:05:43 (Std) 	Created WindowFactory for 'CEGUI/MultiColumnList' windows.
31/05/2011 00:05:43 (Std) 	WindowFactory for 'CEGUI/MultiColumnList' windows added. (02A86C90)
31/05/2011 00:05:43 (Std) 	Created WindowFactory for 'CEGUI/MultiLineEditbox' windows.
31/05/2011 00:05:43 (Std) 	WindowFactory for 'CEGUI/MultiLineEditbox' windows added. (02A86E50)
31/05/2011 00:05:43 (Std) 	Created WindowFactory for 'CEGUI/ProgressBar' windows.
31/05/2011 00:05:43 (Std) 	WindowFactory for 'CEGUI/ProgressBar' windows added. (02A791A0)
31/05/2011 00:05:43 (Std) 	Created WindowFactory for 'CEGUI/ScrollablePane' windows.
31/05/2011 00:05:43 (Std) 	WindowFactory for 'CEGUI/ScrollablePane' windows added. (02A87248)
31/05/2011 00:05:43 (Std) 	Created WindowFactory for 'CEGUI/Scrollbar' windows.
31/05/2011 00:05:43 (Std) 	WindowFactory for 'CEGUI/Scrollbar' windows added. (02A87408)
31/05/2011 00:05:43 (Std) 	Created WindowFactory for 'CEGUI/Slider' windows.
31/05/2011 00:05:43 (Std) 	WindowFactory for 'CEGUI/Slider' windows added. (02A875C8)
31/05/2011 00:05:43 (Std) 	Created WindowFactory for 'CEGUI/Spinner' windows.
31/05/2011 00:05:43 (Std) 	WindowFactory for 'CEGUI/Spinner' windows added. (02A87788)
31/05/2011 00:05:43 (Std) 	Created WindowFactory for 'CEGUI/TabButton' windows.
31/05/2011 00:05:43 (Std) 	WindowFactory for 'CEGUI/TabButton' windows added. (02A87948)
31/05/2011 00:05:43 (Std) 	Created WindowFactory for 'CEGUI/TabControl' windows.
31/05/2011 00:05:43 (Std) 	WindowFactory for 'CEGUI/TabControl' windows added. (02A87B08)
31/05/2011 00:05:43 (Std) 	Created WindowFactory for 'CEGUI/Thumb' windows.
31/05/2011 00:05:43 (Std) 	WindowFactory for 'CEGUI/Thumb' windows added. (02A87CC8)
31/05/2011 00:05:43 (Std) 	Created WindowFactory for 'CEGUI/Titlebar' windows.
31/05/2011 00:05:43 (Std) 	WindowFactory for 'CEGUI/Titlebar' windows added. (02A87E88)
31/05/2011 00:05:43 (Std) 	Created WindowFactory for 'CEGUI/Tooltip' windows.
31/05/2011 00:05:43 (Std) 	WindowFactory for 'CEGUI/Tooltip' windows added. (02A87010)
31/05/2011 00:05:43 (Std) 	Created WindowFactory for 'CEGUI/ItemListbox' windows.
31/05/2011 00:05:43 (Std) 	WindowFactory for 'CEGUI/ItemListbox' windows added. (02A88218)
31/05/2011 00:05:43 (Std) 	Created WindowFactory for 'CEGUI/GroupBox' windows.
31/05/2011 00:05:43 (Std) 	WindowFactory for 'CEGUI/GroupBox' windows added. (02A88478)
31/05/2011 00:05:43 (Std) 	Created WindowFactory for 'CEGUI/Tree' windows.
31/05/2011 00:05:43 (Std) 	WindowFactory for 'CEGUI/Tree' windows added. (02A88638)
31/05/2011 00:05:43 (Std) 	Created WindowFactory for 'HorizontalLayoutContainer' windows.
31/05/2011 00:05:43 (Std) 	WindowFactory for 'HorizontalLayoutContainer' windows added. (02A887F8)
31/05/2011 00:05:43 (Std) 	Created WindowFactory for 'VerticalLayoutContainer' windows.
31/05/2011 00:05:43 (Std) 	WindowFactory for 'VerticalLayoutContainer' windows added. (02A88A88)
31/05/2011 00:05:43 (Std) 	Created WindowFactory for 'GridLayoutContainer' windows.
31/05/2011 00:05:43 (Std) 	WindowFactory for 'GridLayoutContainer' windows added. (02A88C48)
31/05/2011 00:05:43 (Std) 	Window type alias named 'DefaultGUISheet' added for window type 'DefaultWindow'.
31/05/2011 00:05:43 (Std) 	CEGUI::System singleton created. (02A72D58)
31/05/2011 00:05:43 (Std) 	---- CEGUI System initialisation completed ----
31/05/2011 00:05:43 (Std) 	
31/05/2011 00:05:43 (Std) 	Started creation of Scheme from XML specification:
31/05/2011 00:05:43 (Std) 	---- CEGUI GUIScheme name: WindowsLookSkin
31/05/2011 00:05:43 (Std) 	Started creation of Imageset from XML specification:
31/05/2011 00:05:43 (Std) 	---- CEGUI Imageset name: WindowsLook
31/05/2011 00:05:43 (Std) 	---- Source texture file: WindowsLook.tga in resource group: (Default)
31/05/2011 00:05:44 (Std) 	===== Falagard 'root' element: look and feel parsing begins =====
31/05/2011 00:05:44 (Std) 	===== Look and feel parsing completed =====
31/05/2011 00:05:44 (Std) 	No window renderer factories specified for module 'CEGUIFalagardWRBase' - adding all available factories...
31/05/2011 00:05:44 (Std) 	Created WindowRendererFactory for 'Falagard/Button' WindowRenderers.
31/05/2011 00:05:44 (Std) 	WindowRendererFactory 'Falagard/Button' added. (09A7EDF0)
31/05/2011 00:05:44 (Std) 	Created WindowRendererFactory for 'Falagard/Default' WindowRenderers.
31/05/2011 00:05:44 (Std) 	WindowRendererFactory 'Falagard/Default' added. (09A771D0)
31/05/2011 00:05:44 (Std) 	Created WindowRendererFactory for 'Falagard/Editbox' WindowRenderers.
31/05/2011 00:05:44 (Std) 	WindowRendererFactory 'Falagard/Editbox' added. (02B0C548)
31/05/2011 00:05:44 (Std) 	Created WindowRendererFactory for 'Falagard/FrameWindow' WindowRenderers.
31/05/2011 00:05:44 (Std) 	WindowRendererFactory 'Falagard/FrameWindow' added. (09A97290)
31/05/2011 00:05:44 (Std) 	Created WindowRendererFactory for 'Falagard/ItemEntry' WindowRenderers.
31/05/2011 00:05:44 (Std) 	WindowRendererFactory 'Falagard/ItemEntry' added. (09A472D0)
31/05/2011 00:05:44 (Std) 	Created WindowRendererFactory for 'Falagard/ListHeader' WindowRenderers.
31/05/2011 00:05:44 (Std) 	WindowRendererFactory 'Falagard/ListHeader' added. (02AA7E10)
31/05/2011 00:05:44 (Std) 	Created WindowRendererFactory for 'Falagard/ListHeaderSegment' WindowRenderers.
31/05/2011 00:05:44 (Std) 	WindowRendererFactory 'Falagard/ListHeaderSegment' added. (02A98BE0)
31/05/2011 00:05:44 (Std) 	Created WindowRendererFactory for 'Falagard/Listbox' WindowRenderers.
31/05/2011 00:05:44 (Std) 	WindowRendererFactory 'Falagard/Listbox' added. (09A97DF0)
31/05/2011 00:05:44 (Std) 	Created WindowRendererFactory for 'Falagard/Menubar' WindowRenderers.
31/05/2011 00:05:44 (Std) 	WindowRendererFactory 'Falagard/Menubar' added. (02AA10A8)
31/05/2011 00:05:44 (Std) 	Created WindowRendererFactory for 'Falagard/MenuItem' WindowRenderers.
31/05/2011 00:05:44 (Std) 	WindowRendererFactory 'Falagard/MenuItem' added. (09A97080)
31/05/2011 00:05:44 (Std) 	Created WindowRendererFactory for 'Falagard/MultiColumnList' WindowRenderers.
31/05/2011 00:05:44 (Std) 	WindowRendererFactory 'Falagard/MultiColumnList' added. (09AA12A0)
31/05/2011 00:05:44 (Std) 	Created WindowRendererFactory for 'Falagard/MultiLineEditbox' WindowRenderers.
31/05/2011 00:05:44 (Std) 	WindowRendererFactory 'Falagard/MultiLineEditbox' added. (09A96D80)
31/05/2011 00:05:44 (Std) 	Created WindowRendererFactory for 'Falagard/PopupMenu' WindowRenderers.
31/05/2011 00:05:44 (Std) 	WindowRendererFactory 'Falagard/PopupMenu' added. (02AA2400)
31/05/2011 00:05:44 (Std) 	Created WindowRendererFactory for 'Falagard/ProgressBar' WindowRenderers.
31/05/2011 00:05:44 (Std) 	WindowRendererFactory 'Falagard/ProgressBar' added. (09A6B800)
31/05/2011 00:05:44 (Std) 	Created WindowRendererFactory for 'Falagard/ScrollablePane' WindowRenderers.
31/05/2011 00:05:44 (Std) 	WindowRendererFactory 'Falagard/ScrollablePane' added. (09A6B8D8)
31/05/2011 00:05:44 (Std) 	Created WindowRendererFactory for 'Falagard/Scrollbar' WindowRenderers.
31/05/2011 00:05:44 (Std) 	WindowRendererFactory 'Falagard/Scrollbar' added. (09AA86B8)
31/05/2011 00:05:44 (Std) 	Created WindowRendererFactory for 'Falagard/Slider' WindowRenderers.
31/05/2011 00:05:44 (Std) 	WindowRendererFactory 'Falagard/Slider' added. (09AA8878)
31/05/2011 00:05:44 (Std) 	Created WindowRendererFactory for 'Falagard/Static' WindowRenderers.
31/05/2011 00:05:44 (Std) 	WindowRendererFactory 'Falagard/Static' added. (09AA8A38)
31/05/2011 00:05:44 (Std) 	Created WindowRendererFactory for 'Falagard/StaticImage' WindowRenderers.
31/05/2011 00:05:44 (Std) 	WindowRendererFactory 'Falagard/StaticImage' added. (09AA8BF8)
31/05/2011 00:05:44 (Std) 	Created WindowRendererFactory for 'Falagard/StaticText' WindowRenderers.
31/05/2011 00:05:44 (Std) 	WindowRendererFactory 'Falagard/StaticText' added. (09AA8DB8)
31/05/2011 00:05:44 (Std) 	Created WindowRendererFactory for 'Falagard/SystemButton' WindowRenderers.
31/05/2011 00:05:44 (Std) 	WindowRendererFactory 'Falagard/SystemButton' added. (09AA4E10)
31/05/2011 00:05:44 (Std) 	Created WindowRendererFactory for 'Falagard/TabButton' WindowRenderers.
31/05/2011 00:05:44 (Std) 	WindowRendererFactory 'Falagard/TabButton' added. (09AA4FD0)
31/05/2011 00:05:44 (Std) 	Created WindowRendererFactory for 'Falagard/TabControl' WindowRenderers.
31/05/2011 00:05:44 (Std) 	WindowRendererFactory 'Falagard/TabControl' added. (09AA5190)
31/05/2011 00:05:44 (Std) 	Created WindowRendererFactory for 'Falagard/Titlebar' WindowRenderers.
31/05/2011 00:05:44 (Std) 	WindowRendererFactory 'Falagard/Titlebar' added. (09AA5350)
31/05/2011 00:05:44 (Std) 	Created WindowRendererFactory for 'Falagard/ToggleButton' WindowRenderers.
31/05/2011 00:05:44 (Std) 	WindowRendererFactory 'Falagard/ToggleButton' added. (09AA5510)
31/05/2011 00:05:44 (Std) 	Created WindowRendererFactory for 'Falagard/Tooltip' WindowRenderers.
31/05/2011 00:05:44 (Std) 	WindowRendererFactory 'Falagard/Tooltip' added. (09AA56D0)
31/05/2011 00:05:44 (Std) 	Created WindowRendererFactory for 'Falagard/ItemListbox' WindowRenderers.
31/05/2011 00:05:44 (Std) 	WindowRendererFactory 'Falagard/ItemListbox' added. (02A8F620)
31/05/2011 00:05:44 (Std) 	Created WindowRendererFactory for 'Falagard/Tree' WindowRenderers.
31/05/2011 00:05:44 (Std) 	WindowRendererFactory 'Falagard/Tree' added. (02A8F7E0)
31/05/2011 00:05:44 (Std) 	Creating falagard mapping for type 'WindowsLook/Button' using base type 'CEGUI/PushButton', window renderer 'Falagard/Button' Look'N'Feel 'WindowsLook/Button' and RenderEffect ''. (0020C338)
31/05/2011 00:05:44 (Std) 	Creating falagard mapping for type 'WindowsLook/Checkbox' using base type 'CEGUI/Checkbox', window renderer 'Falagard/ToggleButton' Look'N'Feel 'WindowsLook/Checkbox' and RenderEffect ''. (0020C338)
31/05/2011 00:05:44 (Std) 	Creating falagard mapping for type 'WindowsLook/IconButton' using base type 'CEGUI/PushButton', window renderer 'Falagard/Button' Look'N'Feel 'WindowsLook/IconButton' and RenderEffect ''. (0020C338)
31/05/2011 00:05:44 (Std) 	Creating falagard mapping for type 'WindowsLook/RadioButton' using base type 'CEGUI/RadioButton', window renderer 'Falagard/ToggleButton' Look'N'Feel 'WindowsLook/RadioButton' and RenderEffect ''. (0020C338)
31/05/2011 00:05:44 (Std) 	Creating falagard mapping for type 'WindowsLook/FrameWindow' using base type 'CEGUI/FrameWindow', window renderer 'Falagard/FrameWindow' Look'N'Feel 'WindowsLook/FrameWindow' and RenderEffect ''. (0020C338)
31/05/2011 00:05:44 (Std) 	Creating falagard mapping for type 'WindowsLook/Titlebar' using base type 'CEGUI/Titlebar', window renderer 'Falagard/Titlebar' Look'N'Feel 'WindowsLook/Titlebar' and RenderEffect ''. (0020C338)
31/05/2011 00:05:44 (Std) 	Creating falagard mapping for type 'WindowsLook/SystemButton' using base type 'CEGUI/PushButton', window renderer 'Falagard/Button' Look'N'Feel 'WindowsLook/SystemButton' and RenderEffect ''. (0020C338)
31/05/2011 00:05:44 (Std) 	Creating falagard mapping for type 'WindowsLook/Editbox' using base type 'CEGUI/Editbox', window renderer 'Falagard/Editbox' Look'N'Feel 'WindowsLook/Editbox' and RenderEffect ''. (0020C338)
31/05/2011 00:05:44 (Std) 	Creating falagard mapping for type 'WindowsLook/MultiLineEditbox' using base type 'CEGUI/MultiLineEditbox', window renderer 'Falagard/MultiLineEditbox' Look'N'Feel 'WindowsLook/MultiLineEditbox' and RenderEffect ''. (0020C338)
31/05/2011 00:05:44 (Std) 	Creating falagard mapping for type 'WindowsLook/Menubar' using base type 'CEGUI/Menubar', window renderer 'Falagard/Menubar' Look'N'Feel 'WindowsLook/Menubar' and RenderEffect ''. (0020C338)
31/05/2011 00:05:44 (Std) 	Creating falagard mapping for type 'WindowsLook/PopupMenu' using base type 'CEGUI/PopupMenu', window renderer 'Falagard/PopupMenu' Look'N'Feel 'WindowsLook/PopupMenu' and RenderEffect ''. (0020C338)
31/05/2011 00:05:44 (Std) 	Creating falagard mapping for type 'WindowsLook/MenuItem' using base type 'CEGUI/MenuItem', window renderer 'Falagard/MenuItem' Look'N'Feel 'WindowsLook/MenuItem' and RenderEffect ''. (0020C338)
31/05/2011 00:05:44 (Std) 	Creating falagard mapping for type 'WindowsLook/ProgressBar' using base type 'CEGUI/ProgressBar', window renderer 'Falagard/ProgressBar' Look'N'Feel 'WindowsLook/ProgressBar' and RenderEffect ''. (0020C338)
31/05/2011 00:05:44 (Std) 	Creating falagard mapping for type 'WindowsLook/VerticalScrollbar' using base type 'CEGUI/Scrollbar', window renderer 'Falagard/Scrollbar' Look'N'Feel 'WindowsLook/VerticalScrollbar' and RenderEffect ''. (0020C338)
31/05/2011 00:05:44 (Std) 	Creating falagard mapping for type 'WindowsLook/HorizontalScrollbar' using base type 'CEGUI/Scrollbar', window renderer 'Falagard/Scrollbar' Look'N'Feel 'WindowsLook/HorizontalScrollbar' and RenderEffect ''. (0020C338)
31/05/2011 00:05:44 (Std) 	Creating falagard mapping for type 'WindowsLook/VerticalScrollbarThumb' using base type 'CEGUI/Thumb', window renderer 'Falagard/Button' Look'N'Feel 'WindowsLook/VerticalScrollbarThumb' and RenderEffect ''. (0020C338)
31/05/2011 00:05:44 (Std) 	Creating falagard mapping for type 'WindowsLook/HorizontalScrollbarThumb' using base type 'CEGUI/Thumb', window renderer 'Falagard/Button' Look'N'Feel 'WindowsLook/HorizontalScrollbarThumb' and RenderEffect ''. (0020C338)
31/05/2011 00:05:44 (Std) 	Creating falagard mapping for type 'WindowsLook/TabButton' using base type 'CEGUI/TabButton', window renderer 'Falagard/TabButton' Look'N'Feel 'WindowsLook/TabButton' and RenderEffect ''. (0020C338)
31/05/2011 00:05:44 (Std) 	Creating falagard mapping for type 'WindowsLook/TabControl' using base type 'CEGUI/TabControl', window renderer 'Falagard/TabControl' Look'N'Feel 'WindowsLook/TabControl' and RenderEffect ''. (0020C338)
31/05/2011 00:05:44 (Std) 	Creating falagard mapping for type 'WindowsLook/TabContentPane' using base type 'DefaultWindow', window renderer 'Falagard/Default' Look'N'Feel 'WindowsLook/TabContentPane' and RenderEffect ''. (0020C338)
31/05/2011 00:05:44 (Std) 	Creating falagard mapping for type 'WindowsLook/TabButtonPane' using base type 'DefaultWindow', window renderer 'Falagard/Default' Look'N'Feel 'WindowsLook/TabButtonPane' and RenderEffect ''. (0020C338)
31/05/2011 00:05:44 (Std) 	Creating falagard mapping for type 'WindowsLook/ComboDropList' using base type 'CEGUI/ComboDropList', window renderer 'Falagard/Listbox' Look'N'Feel 'WindowsLook/ComboDropList' and RenderEffect ''. (0020C338)
31/05/2011 00:05:44 (Std) 	Creating falagard mapping for type 'WindowsLook/Combobox' using base type 'CEGUI/Combobox', window renderer 'Falagard/Default' Look'N'Feel 'WindowsLook/Combobox' and RenderEffect ''. (0020C338)
31/05/2011 00:05:44 (Std) 	Creating falagard mapping for type 'WindowsLook/Listbox' using base type 'CEGUI/Listbox', window renderer 'Falagard/Listbox' Look'N'Feel 'WindowsLook/Listbox' and RenderEffect ''. (0020C338)
31/05/2011 00:05:44 (Std) 	Creating falagard mapping for type 'WindowsLook/ListHeader' using base type 'CEGUI/ListHeader', window renderer 'Falagard/ListHeader' Look'N'Feel 'WindowsLook/ListHeader' and RenderEffect ''. (0020C338)
31/05/2011 00:05:44 (Std) 	Creating falagard mapping for type 'WindowsLook/ListHeaderSegment' using base type 'CEGUI/ListHeaderSegment', window renderer 'Falagard/ListHeaderSegment' Look'N'Feel 'WindowsLook/ListHeaderSegment' and RenderEffect ''. (0020C338)
31/05/2011 00:05:44 (Std) 	Creating falagard mapping for type 'WindowsLook/MultiColumnList' using base type 'CEGUI/MultiColumnList', window renderer 'Falagard/MultiColumnList' Look'N'Feel 'WindowsLook/MultiColumnList' and RenderEffect ''. (0020C338)
31/05/2011 00:05:44 (Std) 	Creating falagard mapping for type 'WindowsLook/Slider' using base type 'CEGUI/Slider', window renderer 'Falagard/Slider' Look'N'Feel 'WindowsLook/Slider' and RenderEffect ''. (0020C338)
31/05/2011 00:05:44 (Std) 	Creating falagard mapping for type 'WindowsLook/SliderThumb' using base type 'CEGUI/Thumb', window renderer 'Falagard/Button' Look'N'Feel 'WindowsLook/SliderThumb' and RenderEffect ''. (0020C338)
31/05/2011 00:05:44 (Std) 	Creating falagard mapping for type 'WindowsLook/ScrollablePane' using base type 'CEGUI/ScrollablePane', window renderer 'Falagard/ScrollablePane' Look'N'Feel 'WindowsLook/ScrollablePane' and RenderEffect ''. (0020C338)
31/05/2011 00:05:44 (Std) 	Creating falagard mapping for type 'WindowsLook/Spinner' using base type 'CEGUI/Spinner', window renderer 'Falagard/Default' Look'N'Feel 'WindowsLook/Spinner' and RenderEffect ''. (0020C338)
31/05/2011 00:05:44 (Std) 	Creating falagard mapping for type 'WindowsLook/Tooltip' using base type 'CEGUI/Tooltip', window renderer 'Falagard/Tooltip' Look'N'Feel 'WindowsLook/Tooltip' and RenderEffect ''. (0020C338)
31/05/2011 00:05:44 (Std) 	Creating falagard mapping for type 'WindowsLook/Static' using base type 'DefaultWindow', window renderer 'Falagard/Static' Look'N'Feel 'WindowsLook/Static' and RenderEffect ''. (0020C338)
31/05/2011 00:05:44 (Std) 	Creating falagard mapping for type 'WindowsLook/StaticImage' using base type 'DefaultWindow', window renderer 'Falagard/StaticImage' Look'N'Feel 'WindowsLook/StaticImage' and RenderEffect ''. (0020C338)
31/05/2011 00:05:44 (Std) 	Creating falagard mapping for type 'WindowsLook/StaticText' using base type 'DefaultWindow', window renderer 'Falagard/StaticText' Look'N'Feel 'WindowsLook/StaticText' and RenderEffect ''. (0020C338)
31/05/2011 00:05:44 (Std) 	Creating falagard mapping for type 'WindowsLook/ItemListbox' using base type 'CEGUI/ItemListbox', window renderer 'Falagard/ItemListbox' Look'N'Feel 'WindowsLook/ItemListbox' and RenderEffect ''. (0020C338)
31/05/2011 00:05:44 (Std) 	Creating falagard mapping for type 'WindowsLook/ListboxItem' using base type 'CEGUI/ItemEntry', window renderer 'Falagard/ItemEntry' Look'N'Feel 'WindowsLook/ListboxItem' and RenderEffect ''. (0020C338)
31/05/2011 00:05:44 (Std) 	Creating falagard mapping for type 'WindowsLook/GroupBox' using base type 'CEGUI/GroupBox', window renderer 'Falagard/Default' Look'N'Feel 'WindowsLook/GroupBox' and RenderEffect ''. (0020C338)
31/05/2011 00:05:44 (Std) 	Started creation of Imageset from XML specification:
31/05/2011 00:05:44 (Std) 	---- CEGUI Imageset name: Blocks
31/05/2011 00:05:44 (Std) 	---- Source texture file: blocks.tga in resource group: (Default)
31/05/2011 00:05:58 (Std) 	---- Begining CEGUI System destruction ----
31/05/2011 00:05:59 (Std) 	WindowFactory for 'CEGUI/Tree' windows removed. (02A88638)
31/05/2011 00:05:59 (Std) 	Deleted WindowFactory for 'CEGUI/Tree' windows.
31/05/2011 00:05:59 (Std) 	WindowFactory for 'CEGUI/Thumb' windows removed. (02A87CC8)
31/05/2011 00:05:59 (Std) 	Deleted WindowFactory for 'CEGUI/Thumb' windows.
31/05/2011 00:05:59 (Std) 	WindowFactory for 'CEGUI/Slider' windows removed. (02A875C8)
31/05/2011 00:05:59 (Std) 	Deleted WindowFactory for 'CEGUI/Slider' windows.
31/05/2011 00:05:59 (Std) 	WindowFactory for 'CEGUI/Editbox' windows removed. (02A78430)
31/05/2011 00:05:59 (Std) 	Deleted WindowFactory for 'CEGUI/Editbox' windows.
31/05/2011 00:05:59 (Std) 	WindowFactory for 'CEGUI/Listbox' windows removed. (02A78970)
31/05/2011 00:05:59 (Std) 	Deleted WindowFactory for 'CEGUI/Listbox' windows.
31/05/2011 00:05:59 (Std) 	WindowFactory for 'CEGUI/Menubar' windows removed. (02A78DC8)
31/05/2011 00:05:59 (Std) 	Deleted WindowFactory for 'CEGUI/Menubar' windows.
31/05/2011 00:05:59 (Std) 	WindowFactory for 'CEGUI/Spinner' windows removed. (02A87788)
31/05/2011 00:05:59 (Std) 	Deleted WindowFactory for 'CEGUI/Spinner' windows.
31/05/2011 00:05:59 (Std) 	WindowFactory for 'CEGUI/Tooltip' windows removed. (02A87010)
31/05/2011 00:05:59 (Std) 	Deleted WindowFactory for 'CEGUI/Tooltip' windows.
31/05/2011 00:05:59 (Std) 	WindowFactory for 'DefaultWindow' windows removed. (02A77108)
31/05/2011 00:05:59 (Std) 	Deleted WindowFactory for 'DefaultWindow' windows.
31/05/2011 00:05:59 (Std) 	WindowFactory for 'DragContainer' windows removed. (02A773B0)
31/05/2011 00:05:59 (Std) 	Deleted WindowFactory for 'DragContainer' windows.
31/05/2011 00:05:59 (Std) 	WindowFactory for 'CEGUI/Checkbox' windows removed. (02A77B10)
31/05/2011 00:05:59 (Std) 	Deleted WindowFactory for 'CEGUI/Checkbox' windows.
31/05/2011 00:05:59 (Std) 	WindowFactory for 'CEGUI/Combobox' windows removed. (02A780B0)
31/05/2011 00:05:59 (Std) 	Deleted WindowFactory for 'CEGUI/Combobox' windows.
31/05/2011 00:05:59 (Std) 	WindowFactory for 'CEGUI/GroupBox' windows removed. (02A88478)
31/05/2011 00:05:59 (Std) 	Deleted WindowFactory for 'CEGUI/GroupBox' windows.
31/05/2011 00:05:59 (Std) 	WindowFactory for 'CEGUI/MenuItem' windows removed. (02A86AD0)
31/05/2011 00:05:59 (Std) 	Deleted WindowFactory for 'CEGUI/MenuItem' windows.
31/05/2011 00:05:59 (Std) 	WindowFactory for 'CEGUI/Titlebar' windows removed. (02A87E88)
31/05/2011 00:05:59 (Std) 	Deleted WindowFactory for 'CEGUI/Titlebar' windows.
31/05/2011 00:05:59 (Std) 	WindowFactory for 'CEGUI/ItemEntry' windows removed. (02A787B0)
31/05/2011 00:05:59 (Std) 	Deleted WindowFactory for 'CEGUI/ItemEntry' windows.
31/05/2011 00:05:59 (Std) 	WindowFactory for 'CEGUI/PopupMenu' windows removed. (02A78F88)
31/05/2011 00:05:59 (Std) 	Deleted WindowFactory for 'CEGUI/PopupMenu' windows.
31/05/2011 00:05:59 (Std) 	WindowFactory for 'CEGUI/Scrollbar' windows removed. (02A87408)
31/05/2011 00:05:59 (Std) 	Deleted WindowFactory for 'CEGUI/Scrollbar' windows.
31/05/2011 00:05:59 (Std) 	WindowFactory for 'CEGUI/TabButton' windows removed. (02A87948)
31/05/2011 00:05:59 (Std) 	Deleted WindowFactory for 'CEGUI/TabButton' windows.
31/05/2011 00:05:59 (Std) 	WindowFactory for 'CEGUI/ListHeader' windows removed. (02A78B30)
31/05/2011 00:05:59 (Std) 	Deleted WindowFactory for 'CEGUI/ListHeader' windows.
31/05/2011 00:05:59 (Std) 	WindowFactory for 'CEGUI/PushButton' windows removed. (02A77CD0)
31/05/2011 00:05:59 (Std) 	Deleted WindowFactory for 'CEGUI/PushButton' windows.
31/05/2011 00:05:59 (Std) 	WindowFactory for 'CEGUI/TabControl' windows removed. (02A87B08)
31/05/2011 00:05:59 (Std) 	Deleted WindowFactory for 'CEGUI/TabControl' windows.
31/05/2011 00:05:59 (Std) 	WindowFactory for 'ClippedContainer' windows removed. (02A77900)
31/05/2011 00:05:59 (Std) 	Deleted WindowFactory for 'ClippedContainer' windows.
31/05/2011 00:05:59 (Std) 	WindowFactory for 'CEGUI/FrameWindow' windows removed. (02A785F0)
31/05/2011 00:05:59 (Std) 	Deleted WindowFactory for 'CEGUI/FrameWindow' windows.
31/05/2011 00:05:59 (Std) 	WindowFactory for 'CEGUI/ItemListbox' windows removed. (02A88218)
31/05/2011 00:05:59 (Std) 	Deleted WindowFactory for 'CEGUI/ItemListbox' windows.
31/05/2011 00:05:59 (Std) 	WindowFactory for 'CEGUI/ProgressBar' windows removed. (02A791A0)
31/05/2011 00:05:59 (Std) 	Deleted WindowFactory for 'CEGUI/ProgressBar' windows.
31/05/2011 00:05:59 (Std) 	WindowFactory for 'CEGUI/RadioButton' windows removed. (02A77E90)
31/05/2011 00:05:59 (Std) 	Deleted WindowFactory for 'CEGUI/RadioButton' windows.
31/05/2011 00:05:59 (Std) 	WindowFactory for 'ScrolledContainer' windows removed. (02A77740)
31/05/2011 00:05:59 (Std) 	Deleted WindowFactory for 'ScrolledContainer' windows.
31/05/2011 00:05:59 (Std) 	WindowFactory for 'CEGUI/ComboDropList' windows removed. (02A78270)
31/05/2011 00:05:59 (Std) 	Deleted WindowFactory for 'CEGUI/ComboDropList' windows.
31/05/2011 00:05:59 (Std) 	WindowFactory for 'GridLayoutContainer' windows removed. (02A88C48)
31/05/2011 00:05:59 (Std) 	Deleted WindowFactory for 'GridLayoutContainer' windows.
31/05/2011 00:05:59 (Std) 	WindowFactory for 'CEGUI/ScrollablePane' windows removed. (02A87248)
31/05/2011 00:05:59 (Std) 	Deleted WindowFactory for 'CEGUI/ScrollablePane' windows.
31/05/2011 00:05:59 (Std) 	WindowFactory for 'CEGUI/MultiColumnList' windows removed. (02A86C90)
31/05/2011 00:05:59 (Std) 	Deleted WindowFactory for 'CEGUI/MultiColumnList' windows.
31/05/2011 00:05:59 (Std) 	WindowFactory for 'CEGUI/MultiLineEditbox' windows removed. (02A86E50)
31/05/2011 00:05:59 (Std) 	Deleted WindowFactory for 'CEGUI/MultiLineEditbox' windows.
31/05/2011 00:05:59 (Std) 	WindowFactory for 'CEGUI/ListHeaderSegment' windows removed. (02A78C08)
31/05/2011 00:05:59 (Std) 	Deleted WindowFactory for 'CEGUI/ListHeaderSegment' windows.
31/05/2011 00:05:59 (Std) 	WindowFactory for 'VerticalLayoutContainer' windows removed. (02A88A88)
31/05/2011 00:05:59 (Std) 	Deleted WindowFactory for 'VerticalLayoutContainer' windows.
31/05/2011 00:05:59 (Std) 	WindowFactory for 'HorizontalLayoutContainer' windows removed. (02A887F8)
31/05/2011 00:05:59 (Std) 	Deleted WindowFactory for 'HorizontalLayoutContainer' windows.
31/05/2011 00:05:59 (Std) 	---- Begining cleanup of GUI Scheme system ----
31/05/2011 00:05:59 (Std) 	WindowRendererFactory for 'Falagard/Button' WindowRenderers removed. (09A7EDF0)
31/05/2011 00:05:59 (Std) 	Deleted WindowRendererFactory for 'Falagard/Button' WindowRenderers.
31/05/2011 00:05:59 (Std) 	WindowRendererFactory for 'Falagard/Default' WindowRenderers removed. (09A771D0)
31/05/2011 00:05:59 (Std) 	Deleted WindowRendererFactory for 'Falagard/Default' WindowRenderers.
31/05/2011 00:05:59 (Std) 	WindowRendererFactory for 'Falagard/Editbox' WindowRenderers removed. (02B0C548)
31/05/2011 00:05:59 (Std) 	Deleted WindowRendererFactory for 'Falagard/Editbox' WindowRenderers.
31/05/2011 00:05:59 (Std) 	WindowRendererFactory for 'Falagard/FrameWindow' WindowRenderers removed. (09A97290)
31/05/2011 00:05:59 (Std) 	Deleted WindowRendererFactory for 'Falagard/FrameWindow' WindowRenderers.
31/05/2011 00:05:59 (Std) 	WindowRendererFactory for 'Falagard/ItemEntry' WindowRenderers removed. (09A472D0)
31/05/2011 00:05:59 (Std) 	Deleted WindowRendererFactory for 'Falagard/ItemEntry' WindowRenderers.
31/05/2011 00:05:59 (Std) 	WindowRendererFactory for 'Falagard/ListHeader' WindowRenderers removed. (02AA7E10)
31/05/2011 00:05:59 (Std) 	Deleted WindowRendererFactory for 'Falagard/ListHeader' WindowRenderers.
31/05/2011 00:05:59 (Std) 	WindowRendererFactory for 'Falagard/ListHeaderSegment' WindowRenderers removed. (02A98BE0)
31/05/2011 00:05:59 (Std) 	Deleted WindowRendererFactory for 'Falagard/ListHeaderSegment' WindowRenderers.
31/05/2011 00:05:59 (Std) 	WindowRendererFactory for 'Falagard/Listbox' WindowRenderers removed. (09A97DF0)
31/05/2011 00:05:59 (Std) 	Deleted WindowRendererFactory for 'Falagard/Listbox' WindowRenderers.
31/05/2011 00:05:59 (Std) 	WindowRendererFactory for 'Falagard/Menubar' WindowRenderers removed. (02AA10A8)
31/05/2011 00:05:59 (Std) 	Deleted WindowRendererFactory for 'Falagard/Menubar' WindowRenderers.
31/05/2011 00:05:59 (Std) 	WindowRendererFactory for 'Falagard/MenuItem' WindowRenderers removed. (09A97080)
31/05/2011 00:05:59 (Std) 	Deleted WindowRendererFactory for 'Falagard/MenuItem' WindowRenderers.
31/05/2011 00:05:59 (Std) 	WindowRendererFactory for 'Falagard/MultiColumnList' WindowRenderers removed. (09AA12A0)
31/05/2011 00:05:59 (Std) 	Deleted WindowRendererFactory for 'Falagard/MultiColumnList' WindowRenderers.
31/05/2011 00:05:59 (Std) 	WindowRendererFactory for 'Falagard/MultiLineEditbox' WindowRenderers removed. (09A96D80)
31/05/2011 00:05:59 (Std) 	Deleted WindowRendererFactory for 'Falagard/MultiLineEditbox' WindowRenderers.
31/05/2011 00:05:59 (Std) 	WindowRendererFactory for 'Falagard/PopupMenu' WindowRenderers removed. (02AA2400)
31/05/2011 00:05:59 (Std) 	Deleted WindowRendererFactory for 'Falagard/PopupMenu' WindowRenderers.
31/05/2011 00:05:59 (Std) 	WindowRendererFactory for 'Falagard/ProgressBar' WindowRenderers removed. (09A6B800)
31/05/2011 00:05:59 (Std) 	Deleted WindowRendererFactory for 'Falagard/ProgressBar' WindowRenderers.
31/05/2011 00:05:59 (Std) 	WindowRendererFactory for 'Falagard/ScrollablePane' WindowRenderers removed. (09A6B8D8)
31/05/2011 00:05:59 (Std) 	Deleted WindowRendererFactory for 'Falagard/ScrollablePane' WindowRenderers.
31/05/2011 00:05:59 (Std) 	WindowRendererFactory for 'Falagard/Scrollbar' WindowRenderers removed. (09AA86B8)
31/05/2011 00:05:59 (Std) 	Deleted WindowRendererFactory for 'Falagard/Scrollbar' WindowRenderers.
31/05/2011 00:05:59 (Std) 	WindowRendererFactory for 'Falagard/Slider' WindowRenderers removed. (09AA8878)
31/05/2011 00:05:59 (Std) 	Deleted WindowRendererFactory for 'Falagard/Slider' WindowRenderers.
31/05/2011 00:05:59 (Std) 	WindowRendererFactory for 'Falagard/Static' WindowRenderers removed. (09AA8A38)
31/05/2011 00:05:59 (Std) 	Deleted WindowRendererFactory for 'Falagard/Static' WindowRenderers.
31/05/2011 00:05:59 (Std) 	WindowRendererFactory for 'Falagard/StaticImage' WindowRenderers removed. (09AA8BF8)
31/05/2011 00:05:59 (Std) 	Deleted WindowRendererFactory for 'Falagard/StaticImage' WindowRenderers.
31/05/2011 00:05:59 (Std) 	WindowRendererFactory for 'Falagard/StaticText' WindowRenderers removed. (09AA8DB8)
31/05/2011 00:05:59 (Std) 	Deleted WindowRendererFactory for 'Falagard/StaticText' WindowRenderers.
31/05/2011 00:05:59 (Std) 	WindowRendererFactory for 'Falagard/SystemButton' WindowRenderers removed. (09AA4E10)
31/05/2011 00:05:59 (Std) 	Deleted WindowRendererFactory for 'Falagard/SystemButton' WindowRenderers.
31/05/2011 00:05:59 (Std) 	WindowRendererFactory for 'Falagard/TabButton' WindowRenderers removed. (09AA4FD0)
31/05/2011 00:05:59 (Std) 	Deleted WindowRendererFactory for 'Falagard/TabButton' WindowRenderers.
31/05/2011 00:05:59 (Std) 	WindowRendererFactory for 'Falagard/TabControl' WindowRenderers removed. (09AA5190)
31/05/2011 00:05:59 (Std) 	Deleted WindowRendererFactory for 'Falagard/TabControl' WindowRenderers.
31/05/2011 00:05:59 (Std) 	WindowRendererFactory for 'Falagard/Titlebar' WindowRenderers removed. (09AA5350)
31/05/2011 00:05:59 (Std) 	Deleted WindowRendererFactory for 'Falagard/Titlebar' WindowRenderers.
31/05/2011 00:05:59 (Std) 	WindowRendererFactory for 'Falagard/ToggleButton' WindowRenderers removed. (09AA5510)
31/05/2011 00:05:59 (Std) 	Deleted WindowRendererFactory for 'Falagard/ToggleButton' WindowRenderers.
31/05/2011 00:05:59 (Std) 	WindowRendererFactory for 'Falagard/Tooltip' WindowRenderers removed. (09AA56D0)
31/05/2011 00:05:59 (Std) 	Deleted WindowRendererFactory for 'Falagard/Tooltip' WindowRenderers.
31/05/2011 00:05:59 (Std) 	WindowRendererFactory for 'Falagard/ItemListbox' WindowRenderers removed. (02A8F620)
31/05/2011 00:05:59 (Std) 	Deleted WindowRendererFactory for 'Falagard/ItemListbox' WindowRenderers.
31/05/2011 00:05:59 (Std) 	WindowRendererFactory for 'Falagard/Tree' WindowRenderers removed. (02A8F7E0)
31/05/2011 00:05:59 (Std) 	Deleted WindowRendererFactory for 'Falagard/Tree' WindowRenderers.
31/05/2011 00:05:59 (Std) 	CEGUI::SchemeManager singleton destroyed. (02A64730)
31/05/2011 00:05:59 (Std) 	CEGUI::WindowManager singleton destroyed (02A71138)
31/05/2011 00:05:59 (Std) 	CEGUI::WindowFactoryManager singleton destroyed
31/05/2011 00:05:59 (Std) 	CEGUI::WidgetLookManager singleton destroyed. (02A76298)
31/05/2011 00:05:59 (Std) 	CEGUI::WindowRendererManager singleton destroyed (02A763D0)
31/05/2011 00:05:59 (Std) 	CEGUI::AnimationManager singleton destroyed (02A75A90)
31/05/2011 00:05:59 (Std) 	CEGUI::RenderEffectManager singleton destroyed (02A76910)
31/05/2011 00:05:59 (Std) 	---- Begining cleanup of Font system ----
31/05/2011 00:05:59 (Std) 	CEGUI::FontManager singleton destroyed. (02A72378)
31/05/2011 00:05:59 (Std) 	CEGUI::MouseCursor singleton destroyed. (02A74ED0)
31/05/2011 00:05:59 (Std) 	---- Begining cleanup of Imageset system ----
31/05/2011 00:05:59 (Std) 	CEGUI::ImagesetManager singleton destroyed (02A730E8)
31/05/2011 00:05:59 (Std) 	CEGUI::GlobalEventSet singleton destroyed. (02A75900)
31/05/2011 00:05:59 (Std) 	CEGUI::System singleton destroyed. (02A72D58)
31/05/2011 00:05:59 (Std) 	---- CEGUI System destruction completed ----
31/05/2011 00:05:59 (Std) 	CEGUI::Logger singleton destroyed. (02A73200)
