00:10:27: Creating resource group General
00:10:27: Creating resource group Internal
00:10:27: Creating resource group Autodetect
00:10:27: SceneManagerFactory for type 'DefaultSceneManager' registered.
00:10:27: Registering ResourceManager for type Material
00:10:27: Registering ResourceManager for type Mesh
00:10:27: Registering ResourceManager for type Skeleton
00:10:27: MovableObjectFactory for type 'ParticleSystem' registered.
00:10:27: OverlayElementFactory for type Panel registered.
00:10:27: OverlayElementFactory for type BorderPanel registered.
00:10:27: OverlayElementFactory for type TextArea registered.
00:10:27: Registering ResourceManager for type Font
00:10:27: ArchiveFactory for archive type FileSystem registered.
00:10:27: ArchiveFactory for archive type Zip registered.
00:10:27: DDS codec registering
00:10:27: FreeImage version: 3.13.1
00:10:27: This program uses FreeImage, a free, open source image library supporting all common bitmap formats. See http://freeimage.sourceforge.net for details
00:10:27: Supported formats: bmp,ico,jpg,jif,jpeg,jpe,jng,koa,iff,lbm,mng,pbm,pbm,pcd,pcx,pgm,pgm,png,ppm,ppm,ras,tga,targa,tif,tiff,wap,wbmp,wbm,psd,cut,xbm,xpm,gif,hdr,g3,sgi,exr,j2k,j2c,jp2,pfm,pct,pict,pic,bay,bmq,cr2,crw,cs1,dc2,dcr,dng,erf,fff,hdr,k25,kdc,mdc,mos,mrw,nef,orf,pef,pxn,raf,raw,rdc,sr2,srf,arw,3fr,cine,ia,kc2,mef,nrw,qtk,rw2,sti,drf,dsc,ptx,cap,iiq,rwz
00:10:27: Registering ResourceManager for type HighLevelGpuProgram
00:10:27: Registering ResourceManager for type Compositor
00:10:27: MovableObjectFactory for type 'Entity' registered.
00:10:27: MovableObjectFactory for type 'Light' registered.
00:10:27: MovableObjectFactory for type 'BillboardSet' registered.
00:10:27: MovableObjectFactory for type 'ManualObject' registered.
00:10:27: MovableObjectFactory for type 'BillboardChain' registered.
00:10:27: MovableObjectFactory for type 'RibbonTrail' registered.
00:10:27: Loading library .\RenderSystem_Direct3D9_d
00:10:27: Installing plugin: D3D9 RenderSystem
00:10:27: D3D9 : Direct3D9 Rendering Subsystem created.
00:10:27: D3D9: Driver Detection Starts
00:10:27: D3D9: Driver Detection Ends
00:10:27: Plugin successfully installed
00:10:27: Loading library .\RenderSystem_GL_d
00:10:27: Installing plugin: GL RenderSystem
00:10:27: OpenGL Rendering Subsystem created.
00:10:27: Plugin successfully installed
00:10:27: Loading library .\Plugin_ParticleFX_d
00:10:27: Installing plugin: ParticleFX
00:10:27: Particle Emitter Type 'Point' registered
00:10:27: Particle Emitter Type 'Box' registered
00:10:27: Particle Emitter Type 'Ellipsoid' registered
00:10:27: Particle Emitter Type 'Cylinder' registered
00:10:27: Particle Emitter Type 'Ring' registered
00:10:27: Particle Emitter Type 'HollowEllipsoid' registered
00:10:27: Particle Affector Type 'LinearForce' registered
00:10:27: Particle Affector Type 'ColourFader' registered
00:10:27: Particle Affector Type 'ColourFader2' registered
00:10:27: Particle Affector Type 'ColourImage' registered
00:10:27: Particle Affector Type 'ColourInterpolator' registered
00:10:27: Particle Affector Type 'Scaler' registered
00:10:27: Particle Affector Type 'Rotator' registered
00:10:27: Particle Affector Type 'DirectionRandomiser' registered
00:10:27: Particle Affector Type 'DeflectorPlane' registered
00:10:27: Plugin successfully installed
00:10:27: Loading library .\Plugin_BSPSceneManager_d
00:10:27: Installing plugin: BSP Scene Manager
00:10:27: Plugin successfully installed
00:10:27: Loading library .\Plugin_CgProgramManager_d
00:10:27: Installing plugin: Cg Program Manager
00:10:27: Plugin successfully installed
00:10:27: Loading library .\Plugin_PCZSceneManager_d
00:10:27: Installing plugin: Portal Connected Zone Scene Manager
00:10:27: PCZone Factory Type 'ZoneType_Default' registered
00:10:27: Plugin successfully installed
00:10:27: Loading library .\Plugin_OctreeZone_d
00:10:27: Installing plugin: Octree Zone Factory
00:10:27: Plugin successfully installed
00:10:27: Loading library .\Plugin_OctreeSceneManager_d
00:10:27: Installing plugin: Octree & Terrain Scene Manager
00:10:27: Plugin successfully installed
00:10:27: *-*-* OGRE Initialising
00:10:27: *-*-* Version 1.7.2 (Cthugha)
00:10:27: D3D9 : RenderSystem Option: Allow NVPerfHUD = No
00:10:27: D3D9 : RenderSystem Option: FSAA = 0
00:10:27: D3D9 : RenderSystem Option: Floating-point mode = Fastest
00:10:27: D3D9 : RenderSystem Option: Full Screen = No
00:10:27: D3D9 : RenderSystem Option: Rendering Device = Monitor-1-ATI Mobility Radeon HD 2600
00:10:27: D3D9 : RenderSystem Option: Resource Creation Policy = Create on all devices
00:10:27: D3D9 : RenderSystem Option: VSync = No
00:10:27: D3D9 : RenderSystem Option: VSync Interval = 1
00:10:27: D3D9 : RenderSystem Option: Video Mode = 1024 x 768 @ 32-bit colour
00:10:27: D3D9 : RenderSystem Option: sRGB Gamma Conversion = No
