18:19:25: Creating resource group General
18:19:25: Creating resource group Internal
18:19:25: Creating resource group Autodetect
18:19:25: SceneManagerFactory for type 'DefaultSceneManager' registered.
18:19:25: Registering ResourceManager for type Material
18:19:25: Registering ResourceManager for type Mesh
18:19:25: Registering ResourceManager for type Skeleton
18:19:25: MovableObjectFactory for type 'ParticleSystem' registered.
18:19:25: OverlayElementFactory for type Panel registered.
18:19:25: OverlayElementFactory for type BorderPanel registered.
18:19:25: OverlayElementFactory for type TextArea registered.
18:19:25: Registering ResourceManager for type Font
18:19:25: ArchiveFactory for archive type FileSystem registered.
18:19:25: ArchiveFactory for archive type Zip registered.
18:19:25: DDS codec registering
18:19:25: FreeImage version: 3.13.1
18:19:25: This program uses FreeImage, a free, open source image library supporting all common bitmap formats. See http://freeimage.sourceforge.net for details
18:19:25: Supported formats: bmp,ico,jpg,jif,jpeg,jpe,jng,koa,iff,lbm,mng,pbm,pbm,pcd,pcx,pgm,pgm,png,ppm,ppm,ras,tga,targa,tif,tiff,wap,wbmp,wbm,psd,cut,xbm,xpm,gif,hdr,g3,sgi,exr,j2k,j2c,jp2,pfm,pct,pict,pic,bay,bmq,cr2,crw,cs1,dc2,dcr,dng,erf,fff,hdr,k25,kdc,mdc,mos,mrw,nef,orf,pef,pxn,raf,raw,rdc,sr2,srf,arw,3fr,cine,ia,kc2,mef,nrw,qtk,rw2,sti,drf,dsc,ptx,cap,iiq,rwz
18:19:25: Registering ResourceManager for type HighLevelGpuProgram
18:19:25: Registering ResourceManager for type Compositor
18:19:25: MovableObjectFactory for type 'Entity' registered.
18:19:25: MovableObjectFactory for type 'Light' registered.
18:19:25: MovableObjectFactory for type 'BillboardSet' registered.
18:19:25: MovableObjectFactory for type 'ManualObject' registered.
18:19:25: MovableObjectFactory for type 'BillboardChain' registered.
18:19:25: MovableObjectFactory for type 'RibbonTrail' registered.
18:19:25: OGRE EXCEPTION(6:FileNotFoundException): 'plugins_d.cfg' file not found! in ConfigFile::load at ..\..\..\..\OgreMain\src\OgreConfigFile.cpp (line 83)
18:19:25: plugins_d.cfg not found, automatic plugin loading disabled.
18:19:25: *-*-* OGRE Initialising
18:19:25: *-*-* Version 1.7.2 (Cthugha)
18:19:25: OGRE EXCEPTION(6:FileNotFoundException): 'ogre.cfg' file not found! in ConfigFile::load at ..\..\..\..\OgreMain\src\OgreConfigFile.cpp (line 83)
18:19:27: *-*-* OGRE Shutdown
18:19:27: Unregistering ResourceManager for type Compositor
18:19:27: Unregistering ResourceManager for type Font
18:19:27: Unregistering ResourceManager for type Skeleton
18:19:27: Unregistering ResourceManager for type Mesh
18:19:27: Unregistering ResourceManager for type HighLevelGpuProgram
18:19:27: Unregistering ResourceManager for type Material
