Build started 2011-05-31 00:05:13.
     1>Project "C:\Users\Szyszler\Desktop\UberSiege\UberSiege\UberSiege.vcxproj" on node 2 (build target(s)).
     1>InitializeBuildStatus:
         Creating "Debug\UberSiege.unsuccessfulbuild" because "AlwaysCreate" was specified.
       ClCompile:
         C:\Program Files\Microsoft Visual Studio 10.0\VC\bin\CL.exe /c /ZI /nologo /W3 /WX- /Od /Oy- /D DEBUG /D _MBCS /Gm /EHsc /RTC1 /MDd /GS /fp:precise /Zc:wchar_t /Zc:forScope /Fo"Debug\\" /Fd"Debug\vc100.pdb" /Gd /TP /analyze- /errorReport:prompt Application.cpp
         Application.cpp
     1>c:\users\szyszler\desktop\ubersiege\ubersiege\application.cpp(108): warning C4305: 'argument' : truncation from 'double' to 'Ogre::Real'
     1>c:\users\szyszler\desktop\ubersiege\ubersiege\application.cpp(209): warning C4305: 'argument' : truncation from 'double' to 'Ogre::Real'
     1>c:\users\szyszler\desktop\ubersiege\ubersiege\application.cpp(216): warning C4305: 'argument' : truncation from 'double' to 'Ogre::Real'
     1>c:\users\szyszler\desktop\ubersiege\ubersiege\application.cpp(224): warning C4305: 'argument' : truncation from 'double' to 'const Ogre::Real'
     1>c:\users\szyszler\desktop\ubersiege\ubersiege\application.cpp(224): warning C4305: 'argument' : truncation from 'double' to 'const Ogre::Real'
     1>c:\users\szyszler\desktop\ubersiege\ubersiege\application.cpp(231): warning C4305: 'argument' : truncation from 'double' to 'float'
     1>c:\users\szyszler\desktop\ubersiege\ubersiege\application.cpp(231): warning C4305: 'argument' : truncation from 'double' to 'float'
     1>c:\users\szyszler\desktop\ubersiege\ubersiege\application.cpp(231): warning C4305: 'argument' : truncation from 'double' to 'float'
     1>c:\users\szyszler\desktop\ubersiege\ubersiege\application.cpp(233): warning C4305: 'argument' : truncation from 'double' to 'float'
     1>c:\users\szyszler\desktop\ubersiege\ubersiege\application.cpp(233): warning C4305: 'argument' : truncation from 'double' to 'float'
     1>c:\users\szyszler\desktop\ubersiege\ubersiege\application.cpp(233): warning C4305: 'argument' : truncation from 'double' to 'float'
       Link:
         C:\Program Files\Microsoft Visual Studio 10.0\VC\bin\link.exe /ERRORREPORT:PROMPT /OUT:"C:\Users\Szyszler\Desktop\UberSiege\Debug\UberSiege.exe" /NOLOGO OgreMain_d.lib OIS_d.lib CEGUIBase_d.lib CEGUIOgreRenderer_d.lib OgreTerrain_d.lib kernel32.lib user32.lib gdi32.lib winspool.lib comdlg32.lib advapi32.lib shell32.lib ole32.lib oleaut32.lib uuid.lib odbc32.lib odbccp32.lib /MANIFEST /ManifestFile:"Debug\UberSiege.exe.intermediate.manifest" /MANIFESTUAC:"level='asInvoker' uiAccess='false'" /DEBUG /PDB:"C:\Users\Szyszler\Desktop\UberSiege\Debug\UberSiege.pdb" /TLBID:1 /DYNAMICBASE /NXCOMPAT /IMPLIB:"C:\Users\Szyszler\Desktop\UberSiege\Debug\UberSiege.lib" /MACHINE:X86 Debug\Application.obj
         Debug\InputFrameListener.obj
         Debug\main.obj
         Debug\PuzzleBoard.obj
         LINK : C:\Users\Szyszler\Desktop\UberSiege\Debug\UberSiege.exe not found or not built by the last incremental link; performing full link
         UberSiege.vcxproj -> C:\Users\Szyszler\Desktop\UberSiege\Debug\UberSiege.exe
       Manifest:
         C:\Program Files\Microsoft SDKs\Windows\v7.0A\bin\mt.exe /nologo /verbose /outputresource:"C:\Users\Szyszler\Desktop\UberSiege\Debug\UberSiege.exe;#1" /manifest Debug\UberSiege.exe.intermediate.manifest
       FinalizeBuildStatus:
         Deleting file "Debug\UberSiege.unsuccessfulbuild".
         Touching "Debug\UberSiege.lastbuildstate".
     1>Done Building Project "C:\Users\Szyszler\Desktop\UberSiege\UberSiege\UberSiege.vcxproj" (build target(s)).

Build succeeded.

Time Elapsed 00:00:21.55
